<?xml version="1.0" encoding="UTF-8"?>
<!-- Generated by org.testng.reporters.JUnitXMLReporter -->
<testsuite ignored="0" hostname="MSI" failures="1" tests="2" name="Test" time="45.528" errors="0" timestamp="2023-01-27T18:49:02 IST">
  <testcase classname="testcases.LoginTC" name="runLogin" time="5.656"/>
  <testcase classname="testcases.MergeContactsTC" name="runEditLead" time="15.417">
    <failure type="java.lang.NullPointerException" message="Cannot invoke &amp;quot;org.openqa.selenium.remote.RemoteWebDriver.getWindowHandles()&amp;quot; because &amp;quot;this.driver&amp;quot; is null">
      <![CDATA[java.lang.NullPointerException: Cannot invoke "org.openqa.selenium.remote.RemoteWebDriver.getWindowHandles()" because "this.driver" is null
at pages.FindContactPage.<init>(FindContactPage.java:20)
at pages.MergeContactPage.mClickFromContact(MergeContactPage.java:34)
at testcases.MergeContactsTC.runEditLead(MergeContactsTC.java:31)
at java.base/java.util.ArrayList.forEach(ArrayList.java:1511)
... Removed 27 stack frames]]>
    </failure>
  </testcase> <!-- runEditLead -->
</testsuite> <!-- Test -->
