<?xml version="1.0" encoding="UTF-8"?>
<!-- Generated by org.testng.reporters.JUnitXMLReporter -->
<testsuite ignored="0" hostname="MSI" failures="0" tests="3" name="Parallel" time="118.547" errors="0" timestamp="2023-01-27T14:33:56 IST">
  <testcase classname="testcases.LoginTC" name="runLogin" time="21.779"/>
  <testcase classname="testcases.DeleteLeadTC" name="runDeleteTC" time="54.385"/>
  <testcase classname="testcases.DeleteLeadTC" name="runDeleteTC" time="45.603"/>
</testsuite> <!-- Parallel -->
