<?xml version="1.0" encoding="UTF-8"?>
<!-- Generated by org.testng.reporters.JUnitXMLReporter -->
<testsuite ignored="0" hostname="MSI" failures="0" tests="3" name="sequence" time="147.942" errors="0" timestamp="2023-01-26T01:24:54 IST">
  <testcase classname="testcases.LoginTC" name="runLogin" time="7.646"/>
  <testcase classname="testcases.CreateLeadTC" name="runCreateLead" time="51.081"/>
  <testcase classname="testcases.CreateLeadTC" name="runCreateLead" time="45.444"/>
</testsuite> <!-- sequence -->
