<?xml version="1.0" encoding="UTF-8"?>
<testng-results ignored="0" total="2" passed="2" failed="0" skipped="0">
  <reporter-output>
  </reporter-output>
  <suite started-at="2023-01-28T17:28:44 IST" name="MergeLeadTC" finished-at="2023-01-28T17:29:40 IST" duration-ms="55626">
    <groups>
    </groups>
    <test started-at="2023-01-28T17:28:44 IST" name="Parallel" finished-at="2023-01-28T17:29:40 IST" duration-ms="55626">
      <class name="testcases.LoginTC">
        <test-method is-config="true" signature="setfile()[pri:0, instance:testcases.LoginTC@41a0aa7d]" started-at="2023-01-28T17:28:44 IST" name="setfile" finished-at="2023-01-28T17:28:44 IST" duration-ms="30" status="PASS">
          <reporter-output>
          </reporter-output>
        </test-method> <!-- setfile -->
        <test-method is-config="true" signature="preConditions()[pri:0, instance:testcases.LoginTC@41a0aa7d]" started-at="2023-01-28T17:28:45 IST" name="preConditions" finished-at="2023-01-28T17:28:50 IST" duration-ms="4661" status="PASS">
          <reporter-output>
          </reporter-output>
        </test-method> <!-- preConditions -->
        <test-method signature="runLogin(java.lang.String,java.lang.String)[pri:0, instance:testcases.LoginTC@41a0aa7d]" started-at="2023-01-28T17:28:50 IST" name="runLogin" data-provider="fetchdata" finished-at="2023-01-28T17:28:55 IST" duration-ms="5049" status="PASS">
          <params>
            <param index="0">
              <value>
                <![CDATA[DemoCSR]]>
              </value>
            </param>
            <param index="1">
              <value>
                <![CDATA[crmsfa]]>
              </value>
            </param>
          </params>
          <reporter-output>
          </reporter-output>
        </test-method> <!-- runLogin -->
        <test-method is-config="true" signature="postConditions()[pri:0, instance:testcases.LoginTC@41a0aa7d]" started-at="2023-01-28T17:28:55 IST" name="postConditions" finished-at="2023-01-28T17:29:11 IST" duration-ms="16199" status="PASS">
          <reporter-output>
          </reporter-output>
        </test-method> <!-- postConditions -->
      </class> <!-- testcases.LoginTC -->
      <class name="testcases.MergeContactsTC">
        <test-method is-config="true" signature="setfile()[pri:0, instance:testcases.MergeContactsTC@60099951]" started-at="2023-01-28T17:28:44 IST" name="setfile" finished-at="2023-01-28T17:28:44 IST" duration-ms="0" status="PASS">
          <reporter-output>
          </reporter-output>
        </test-method> <!-- setfile -->
        <test-method is-config="true" signature="preConditions()[pri:0, instance:testcases.MergeContactsTC@60099951]" started-at="2023-01-28T17:28:45 IST" name="preConditions" finished-at="2023-01-28T17:28:51 IST" duration-ms="5727" status="PASS">
          <reporter-output>
          </reporter-output>
        </test-method> <!-- preConditions -->
        <test-method signature="runEditLead(java.lang.String,java.lang.String,java.lang.String)[pri:0, instance:testcases.MergeContactsTC@60099951]" started-at="2023-01-28T17:28:51 IST" name="runEditLead" data-provider="fetchdata" finished-at="2023-01-28T17:29:40 IST" duration-ms="48872" status="PASS">
          <params>
            <param index="0">
              <value>
                <![CDATA[DemoCSR]]>
              </value>
            </param>
            <param index="1">
              <value>
                <![CDATA[crmsfa]]>
              </value>
            </param>
            <param index="2">
              <value>
                <![CDATA[View Contact | opentaps CRM]]>
              </value>
            </param>
          </params>
          <reporter-output>
          </reporter-output>
        </test-method> <!-- runEditLead -->
        <test-method is-config="true" signature="postConditions()[pri:0, instance:testcases.MergeContactsTC@60099951]" started-at="2023-01-28T17:29:40 IST" name="postConditions" finished-at="2023-01-28T17:29:40 IST" duration-ms="220" status="PASS">
          <reporter-output>
          </reporter-output>
        </test-method> <!-- postConditions -->
      </class> <!-- testcases.MergeContactsTC -->
    </test> <!-- Parallel -->
  </suite> <!-- MergeLeadTC -->
</testng-results>
