<?xml version="1.0" encoding="UTF-8"?>
<testng-results ignored="0" total="1" passed="1" failed="0" skipped="0">
  <reporter-output>
  </reporter-output>
  <suite started-at="2022-11-20T12:13:47 IST" name="Suite" finished-at="2022-11-20T12:13:58 IST" duration-ms="10861">
    <groups>
    </groups>
    <test started-at="2022-11-20T12:13:47 IST" name="Test" finished-at="2022-11-20T12:13:58 IST" duration-ms="10861">
      <class name="com.leafBot.testcases.TC001_LoginLogOut">
        <test-method is-config="true" signature="startReport()[pri:0, instance:com.leafBot.testcases.TC001_LoginLogOut@cb0755b]" started-at="2022-11-20T12:13:46 IST" name="startReport" finished-at="2022-11-20T12:13:47 IST" duration-ms="1122" status="PASS">
          <reporter-output>
          </reporter-output>
        </test-method> <!-- startReport -->
        <test-method is-config="true" signature="setValues()[pri:0, instance:com.leafBot.testcases.TC001_LoginLogOut@cb0755b]" started-at="2022-11-20T12:13:47 IST" name="setValues" finished-at="2022-11-20T12:13:47 IST" duration-ms="0" status="PASS">
          <reporter-output>
          </reporter-output>
        </test-method> <!-- setValues -->
        <test-method is-config="true" signature="report()[pri:0, instance:com.leafBot.testcases.TC001_LoginLogOut@cb0755b]" started-at="2022-11-20T12:13:47 IST" name="report" finished-at="2022-11-20T12:13:47 IST" duration-ms="9" status="PASS">
          <reporter-output>
          </reporter-output>
        </test-method> <!-- report -->
        <test-method is-config="true" signature="beforeMethod()[pri:0, instance:com.leafBot.testcases.TC001_LoginLogOut@cb0755b]" started-at="2022-11-20T12:13:48 IST" name="beforeMethod" finished-at="2022-11-20T12:13:55 IST" duration-ms="6951" status="PASS">
          <reporter-output>
          </reporter-output>
        </test-method> <!-- beforeMethod -->
        <test-method signature="createLeaf(java.lang.String,java.lang.String)[pri:0, instance:com.leafBot.testcases.TC001_LoginLogOut@cb0755b]" started-at="2022-11-20T12:13:55 IST" name="createLeaf" data-provider="fetchData" finished-at="2022-11-20T12:13:58 IST" duration-ms="2230" status="PASS">
          <params>
            <param index="0">
              <value>
                <![CDATA[DemoCSR]]>
              </value>
            </param>
            <param index="1">
              <value>
                <![CDATA[crmsfa]]>
              </value>
            </param>
          </params>
          <reporter-output>
          </reporter-output>
        </test-method> <!-- createLeaf -->
        <test-method is-config="true" signature="afterMethod()[pri:0, instance:com.leafBot.testcases.TC001_LoginLogOut@cb0755b]" started-at="2022-11-20T12:13:58 IST" name="afterMethod" finished-at="2022-11-20T12:13:58 IST" duration-ms="334" status="PASS">
          <reporter-output>
          </reporter-output>
        </test-method> <!-- afterMethod -->
        <test-method is-config="true" signature="stopReport()[pri:0, instance:com.leafBot.testcases.TC001_LoginLogOut@cb0755b]" started-at="2022-11-20T12:13:58 IST" name="stopReport" finished-at="2022-11-20T12:13:59 IST" duration-ms="824" status="PASS">
          <reporter-output>
          </reporter-output>
        </test-method> <!-- stopReport -->
      </class> <!-- com.leafBot.testcases.TC001_LoginLogOut -->
    </test> <!-- Test -->
  </suite> <!-- Suite -->
</testng-results>
